<?xml version="1.0" encoding="UTF-8"?>
<testsuite xmlns:xsi="http://www.w3.org/2001/XMLSchema-instance" xsi:noNamespaceSchemaLocation="https://maven.apache.org/surefire/maven-surefire-plugin/xsd/surefire-test-report-3.0.xsd" version="3.0" name="ApiTest" time="2.595" tests="3" errors="0" skipped="0" failures="0">
  <properties>
[...]
</properties>
  <testcase name="getUserForId" classname="ApiTest" time="1.921">
    <system-out><![CDATA[stubs.Stubs started!
Request method:	GET
Request URI:	http://localhost:20/user/get/2
Proxy:			<none>
Request params:	<none>
Query params:	<none>
Form params:	<none>
Path params:	<none>
Headers:		Accept=*/*
				Content-Type=application/json
Cookies:		<none>
Multiparts:		<none>
Body:			<none>
Request method:	GET
Request URI:	http://localhost:20/user/get/2
Proxy:			<none>
Request params:	<none>
Query params:	<none>
Form params:	<none>
Path params:	<none>
Headers:		Accept=*/*
				Content-Type=application/json
Cookies:		<none>
Multiparts:		<none>
Body:			<none>
HTTP/1.1 200 OK
Content-Type: application/json
Matched-Stub-Id: 984c3ba4-5296-47aa-9d61-d94d2f746fd9
Content-Encoding: gzip
Vary: Accept-Encoding, User-Agent
Transfer-Encoding: chunked
Server: Jetty(9.2.28.v20190418)

{
    "name": "Test user",
    "score": 78
}
]]></system-out>
    <system-err><![CDATA[SLF4J: Failed to load class "org.slf4j.impl.StaticLoggerBinder".
SLF4J: Defaulting to no-operation (NOP) logger implementation
SLF4J: See http://www.slf4j.org/codes.html#StaticLoggerBinder for further details.
]]></system-err>
  </testcase>
  <testcase name="userGetAllTest" classname="ApiTest" time="0.042">
    <system-out><![CDATA[Request method:	GET
Request URI:	http://localhost:20/user/get/all
Proxy:			<none>
Request params:	<none>
Query params:	<none>
Form params:	<none>
Path params:	<none>
Headers:		Accept=*/*
				Content-Type=application/json
Cookies:		<none>
Multiparts:		<none>
Body:			<none>
Request method:	GET
Request URI:	http://localhost:20/user/get/all
Proxy:			<none>
Request params:	<none>
Query params:	<none>
Form params:	<none>
Path params:	<none>
Headers:		Accept=*/*
				Content-Type=application/json
Cookies:		<none>
Multiparts:		<none>
Body:			<none>
HTTP/1.1 200 OK
Content-Type: application/json
Matched-Stub-Id: 74b2b5eb-d44f-4099-bf08-e103b4c726bb
Content-Encoding: gzip
Vary: Accept-Encoding, User-Agent
Transfer-Encoding: chunked
Server: Jetty(9.2.28.v20190418)

{
    "name": "Test user",
    "course": "QA",
    "email": "test@test.test",
    "age": 23
}
]]></system-out>
  </testcase>
  <testcase name="courseGetAllTest" classname="ApiTest" time="0.062">
    <system-out><![CDATA[Request method:	GET
Request URI:	http://localhost:20/course/get/all
Proxy:			<none>
Request params:	<none>
Query params:	<none>
Form params:	<none>
Path params:	<none>
Headers:		Accept=*/*
				Content-Type=application/json
Cookies:		<none>
Multiparts:		<none>
Body:			<none>
Request method:	GET
Request URI:	http://localhost:20/course/get/all
Proxy:			<none>
Request params:	<none>
Query params:	<none>
Form params:	<none>
Path params:	<none>
Headers:		Accept=*/*
				Content-Type=application/json
Cookies:		<none>
Multiparts:		<none>
Body:			<none>
HTTP/1.1 200 OK
Content-Type: application/json
Matched-Stub-Id: 7e74c4c1-81bb-433f-aac1-b9b4def9ba25
Content-Encoding: gzip
Vary: Accept-Encoding, User-Agent
Transfer-Encoding: chunked
Server: Jetty(9.2.28.v20190418)

[
    {
        "name": "QA java",
        "price": 15000
    },
    {
        "name": "Java",
        "price": 12000
    }
]
]]></system-out>
  </testcase>
</testsuite>